<?xml version="1.0" encoding="UTF-8"?>
<!-- Generated by org.testng.reporters.JUnitReportReporter -->
<testsuite hostname="LAPTOP-13LEA52" failures="0" tests="3" name="com.aabeauty.qa.testcases.HomePageTest" time="23.217" errors="0" timestamp="2021-07-19T16:55:13 IST" skipped="2">
  <testcase classname="com.aabeauty.qa.testcases.HomePageTest" name="addItemToCartTest" time="23.217"/>
  <system-out/>
  <testcase classname="com.aabeauty.qa.testcases.HomePageTest" name="verifyLogoTest">
    <skipped/>
  </testcase> <!-- verifyLogoTest -->
  <system-out/>
  <testcase classname="com.aabeauty.qa.testcases.HomePageTest" name="validateHomePageHeaderTest">
    <skipped/>
  </testcase> <!-- validateHomePageHeaderTest -->
  <system-out/>
</testsuite> <!-- com.aabeauty.qa.testcases.HomePageTest -->
