<?xml version="1.0" encoding="UTF-8"?>
<!-- Generated by org.testng.reporters.JUnitReportReporter -->
<testsuite hostname="LAPTOP-13LEA52" failures="0" tests="2" name="com.aabeauty.qa.testcases.LoginPageTest" time="33.101" errors="0" timestamp="2021-07-16T11:04:26 IST" skipped="0">
  <testcase classname="com.aabeauty.qa.testcases.LoginPageTest" name="loginTest" time="11.147"/>
  <system-out/>
  <testcase classname="com.aabeauty.qa.testcases.LoginPageTest" name="verifyLoginPageTitleTest" time="21.954"/>
  <system-out/>
</testsuite> <!-- com.aabeauty.qa.testcases.LoginPageTest -->
